DEBUG:root:x: 1
DEBUG:root:self.gridRobot1DPosition 14
DEBUG:root:self.mapSize 6
DEBUG:root:calculation: 8
DEBUG:root:found object in front
DEBUG:root:x: 1
DEBUG:root:self.gridRobot1DPosition 14
DEBUG:root:self.mapSize 6
DEBUG:root:calculation: 8
DEBUG:root:found object in front
DEBUG:root:x: 1
DEBUG:root:self.gridRobot1DPosition 14
DEBUG:root:self.mapSize 6
DEBUG:root:calculation: 8
DEBUG:root:found object in front
DEBUG:root:x: 1
DEBUG:root:self.gridRobot1DPosition 14
DEBUG:root:self.mapSize 6
DEBUG:root:calculation: 8
DEBUG:root:found object in front
DEBUG:root:Translation: 14
DEBUG:root:Translation: 20
DEBUG:root:Translation: 20
DEBUG:root:x: 1
DEBUG:root:self.gridRobot1DPosition 14
DEBUG:root:self.mapSize 6
DEBUG:root:calculation: 8
DEBUG:root:found object in front
DEBUG:root:x: 1
DEBUG:root:self.gridRobot1DPosition 14
DEBUG:root:self.mapSize 6
DEBUG:root:calculation: 8
DEBUG:root:found object in front
DEBUG:root:Translation: 14
DEBUG:root:Translation: 20
DEBUG:root:Translation: 20
DEBUG:root:x: 1
DEBUG:root:self.gridRobot1DPosition 14
DEBUG:root:self.mapSize 6
DEBUG:root:calculation: 8
DEBUG:root:found object in front
DEBUG:root:Translation: 20
DEBUG:root:Translation: 26
DEBUG:root:Translation: 26
DEBUG:root:x: 1
DEBUG:root:self.gridRobot1DPosition 20
DEBUG:root:self.mapSize 6
DEBUG:root:calculation: 14
DEBUG:root:Translation: 26
DEBUG:root:Translation: 32
DEBUG:root:Translation: 32
DEBUG:root:x: 1
DEBUG:root:self.gridRobot1DPosition 26
DEBUG:root:self.mapSize 6
DEBUG:root:calculation: 20
DEBUG:root:x: 1
DEBUG:root:self.gridRobot1DPosition 14
DEBUG:root:self.mapSize 6
DEBUG:root:calculation: 8
DEBUG:root:found object in front
DEBUG:root:Translation: 14
DEBUG:root:Translation: 20
DEBUG:root:Translation: 20
DEBUG:root:x: 1
DEBUG:root:self.gridRobot1DPosition 14
DEBUG:root:self.mapSize 6
DEBUG:root:calculation: 8
DEBUG:root:found object in front
DEBUG:root:x: 1
DEBUG:root:self.gridRobot1DPosition 14
DEBUG:root:self.mapSize 6
DEBUG:root:calculation: 8
DEBUG:root:found object in front
DEBUG:root:Translation: 14
DEBUG:root:Translation: 20
DEBUG:root:Translation: 20
DEBUG:root:x: 1
DEBUG:root:self.gridRobot1DPosition 20
DEBUG:root:self.mapSize 6
DEBUG:root:calculation: 14
DEBUG:root:Translation: 20
DEBUG:root:Translation: 26
DEBUG:root:Translation: 26
DEBUG:root:x: 1
DEBUG:root:self.gridRobot1DPosition 26
DEBUG:root:self.mapSize 6
DEBUG:root:calculation: 20
DEBUG:root:Translation: 26
DEBUG:root:Translation: 32
DEBUG:root:Translation: 32
DEBUG:root:x: 1
DEBUG:root:self.gridRobot1DPosition 32
DEBUG:root:self.mapSize 6
DEBUG:root:calculation: 26
DEBUG:root:Translation: 32
DEBUG:root:Translation: 26
DEBUG:root:Translation: 26
DEBUG:root:x: 1
DEBUG:root:self.gridRobot1DPosition 26
DEBUG:root:self.mapSize 6
DEBUG:root:calculation: 20
DEBUG:root:Translation: 26
DEBUG:root:Translation: 20
DEBUG:root:Translation: 20
DEBUG:root:x: 1
DEBUG:root:self.gridRobot1DPosition 20
DEBUG:root:self.mapSize 6
DEBUG:root:calculation: 14
DEBUG:root:Translation: 20
DEBUG:root:Translation: 14
DEBUG:root:Translation: 14
DEBUG:root:x: 1
DEBUG:root:self.gridRobot1DPosition 14
DEBUG:root:self.mapSize 6
DEBUG:root:calculation: 8
DEBUG:root:found object in front
DEBUG:root:x: 1
DEBUG:root:self.gridRobot1DPosition 14
DEBUG:root:self.mapSize 6
DEBUG:root:calculation: 8
DEBUG:root:found object in front
DEBUG:root:Translation: 14
DEBUG:root:Translation: 20
DEBUG:root:Translation: 20
DEBUG:root:x: 1
DEBUG:root:self.gridRobot1DPosition 20
DEBUG:root:self.mapSize 6
DEBUG:root:calculation: 14
DEBUG:root:Translation: 20
DEBUG:root:Translation: 14
DEBUG:root:Translation: 14
DEBUG:root:x: 1
DEBUG:root:self.gridRobot1DPosition 14
DEBUG:root:self.mapSize 6
DEBUG:root:calculation: 8
DEBUG:root:found object in front
DEBUG:root:Translation: 14
DEBUG:root:Translation: 20
DEBUG:root:Translation: 20
DEBUG:root:x: 1
DEBUG:root:self.gridRobot1DPosition 20
DEBUG:root:self.mapSize 6
DEBUG:root:calculation: 14
DEBUG:root:Translation: 20
DEBUG:root:Translation: 19
DEBUG:root:Translation: 19
DEBUG:root:x: 1
DEBUG:root:self.gridRobot1DPosition 19
DEBUG:root:self.mapSize 6
DEBUG:root:calculation: 13
DEBUG:root:Translation: 19
DEBUG:root:Translation: 13
DEBUG:root:Translation: 13
DEBUG:root:x: 1
DEBUG:root:self.gridRobot1DPosition 13
DEBUG:root:self.mapSize 6
DEBUG:root:calculation: 7
DEBUG:root:Translation: 13
DEBUG:root:Translation: 7
DEBUG:root:Translation: 7
DEBUG:root:x: 1
DEBUG:root:self.gridRobot1DPosition 7
DEBUG:root:self.mapSize 6
DEBUG:root:calculation: 1
DEBUG:root:Translation: 7
DEBUG:root:Translation: 13
DEBUG:root:Translation: 13
DEBUG:root:x: 1
DEBUG:root:self.gridRobot1DPosition 13
DEBUG:root:self.mapSize 6
DEBUG:root:calculation: 7
DEBUG:root:Translation: 13
DEBUG:root:Translation: 7
DEBUG:root:Translation: 7
DEBUG:root:x: 1
DEBUG:root:self.gridRobot1DPosition 7
DEBUG:root:self.mapSize 6
DEBUG:root:calculation: 1
DEBUG:root:Translation: 7
DEBUG:root:Translation: 13
DEBUG:root:Translation: 13
DEBUG:root:x: 1
DEBUG:root:self.gridRobot1DPosition 13
DEBUG:root:self.mapSize 6
DEBUG:root:calculation: 7
DEBUG:root:Translation: 13
DEBUG:root:Translation: 7
DEBUG:root:Translation: 7
DEBUG:root:x: 1
DEBUG:root:self.gridRobot1DPosition 7
DEBUG:root:self.mapSize 6
DEBUG:root:calculation: 1
DEBUG:root:x: 1
DEBUG:root:self.gridRobot1DPosition 14
DEBUG:root:self.mapSize 6
DEBUG:root:calculation: 8
DEBUG:root:found object in front
DEBUG:root:Translation: 14
DEBUG:root:Translation: 8
DEBUG:root:Translation: 8
DEBUG:root:x: 1
DEBUG:root:self.gridRobot1DPosition 14
DEBUG:root:self.mapSize 6
DEBUG:root:calculation: 8
DEBUG:root:found object in front
DEBUG:root:Translation: 14
DEBUG:root:Translation: 20
DEBUG:root:Translation: 20
DEBUG:root:x: 1
DEBUG:root:self.gridRobot1DPosition 20
DEBUG:root:self.mapSize 6
DEBUG:root:calculation: 14
DEBUG:root:Translation: 20
DEBUG:root:Translation: 14
DEBUG:root:Translation: 14
DEBUG:root:x: 1
DEBUG:root:self.gridRobot1DPosition 14
DEBUG:root:self.mapSize 6
DEBUG:root:calculation: 8
DEBUG:root:found object in front
DEBUG:root:Translation: 14
DEBUG:root:Translation: 20
DEBUG:root:Translation: 20
DEBUG:root:x: 1
DEBUG:root:self.gridRobot1DPosition 20
DEBUG:root:self.mapSize 6
DEBUG:root:calculation: 14
DEBUG:root:Translation: 20
DEBUG:root:Translation: 19
DEBUG:root:Translation: 19
DEBUG:root:x: 1
DEBUG:root:self.gridRobot1DPosition 19
DEBUG:root:self.mapSize 6
DEBUG:root:calculation: 13
DEBUG:root:Translation: 19
DEBUG:root:Translation: 13
DEBUG:root:Translation: 13
DEBUG:root:x: 1
DEBUG:root:self.gridRobot1DPosition 13
DEBUG:root:self.mapSize 6
DEBUG:root:calculation: 7
DEBUG:root:Translation: 13
DEBUG:root:Translation: 7
DEBUG:root:Translation: 7
DEBUG:root:x: 1
DEBUG:root:self.gridRobot1DPosition 7
DEBUG:root:self.mapSize 6
DEBUG:root:calculation: 1
DEBUG:root:Translation: 7
DEBUG:root:Translation: 13
DEBUG:root:Translation: 13
DEBUG:root:x: 1
DEBUG:root:self.gridRobot1DPosition 13
DEBUG:root:self.mapSize 6
DEBUG:root:calculation: 7
DEBUG:root:Translation: 13
DEBUG:root:Translation: 7
DEBUG:root:Translation: 7
DEBUG:root:x: 1
DEBUG:root:self.gridRobot1DPosition 7
DEBUG:root:self.mapSize 6
DEBUG:root:calculation: 1
DEBUG:root:x: 1
DEBUG:root:self.gridRobot1DPosition 14
DEBUG:root:self.mapSize 6
DEBUG:root:calculation: 8
DEBUG:root:found object in front
DEBUG:root:Translation: 14
DEBUG:root:Translation: 20
DEBUG:root:Translation: 20
DEBUG:root:x: 1
DEBUG:root:self.gridRobot1DPosition 20
DEBUG:root:self.mapSize 6
DEBUG:root:calculation: 14
DEBUG:root:Translation: 20
DEBUG:root:Translation: 19
DEBUG:root:Translation: 19
DEBUG:root:x: 1
DEBUG:root:self.gridRobot1DPosition 19
DEBUG:root:self.mapSize 6
DEBUG:root:calculation: 13
DEBUG:root:Translation: 19
DEBUG:root:Translation: 13
DEBUG:root:Translation: 13
DEBUG:root:x: 1
DEBUG:root:self.gridRobot1DPosition 13
DEBUG:root:self.mapSize 6
DEBUG:root:calculation: 7
DEBUG:root:Translation: 13
DEBUG:root:Translation: 7
DEBUG:root:Translation: 7
DEBUG:root:x: 1
DEBUG:root:self.gridRobot1DPosition 7
DEBUG:root:self.mapSize 6
DEBUG:root:calculation: 1
DEBUG:root:Translation: 7
DEBUG:root:Translation: 13
DEBUG:root:Translation: 13
DEBUG:root:x: 1
DEBUG:root:self.gridRobot1DPosition 13
DEBUG:root:self.mapSize 6
DEBUG:root:calculation: 7
DEBUG:root:Translation: 13
DEBUG:root:Translation: 7
DEBUG:root:Translation: 7
DEBUG:root:x: 1
DEBUG:root:self.gridRobot1DPosition 7
DEBUG:root:self.mapSize 6
DEBUG:root:calculation: 1
DEBUG:root:Translation: 7
DEBUG:root:Translation: 1
DEBUG:root:Translation: 1
DEBUG:root:x: 1
DEBUG:root:self.gridRobot1DPosition 1
DEBUG:root:self.mapSize 6
DEBUG:root:calculation: -5
DEBUG:root:Translation: 1
DEBUG:root:Translation: 7
DEBUG:root:Translation: 7
DEBUG:root:x: 1
DEBUG:root:self.gridRobot1DPosition 7
DEBUG:root:self.mapSize 6
DEBUG:root:calculation: 1
DEBUG:root:Translation: 7
DEBUG:root:Translation: 13
DEBUG:root:Translation: 13
DEBUG:root:x: 1
DEBUG:root:self.gridRobot1DPosition 13
DEBUG:root:self.mapSize 6
DEBUG:root:calculation: 7
DEBUG:root:Translation: 13
DEBUG:root:Translation: 14
DEBUG:root:Translation: 14
DEBUG:root:x: 1
DEBUG:root:self.gridRobot1DPosition 14
DEBUG:root:self.mapSize 6
DEBUG:root:calculation: 8
DEBUG:root:found object in front
DEBUG:root:Translation: 14
DEBUG:root:Translation: 15
DEBUG:root:Translation: 15
DEBUG:root:x: 1
DEBUG:root:self.gridRobot1DPosition 15
DEBUG:root:self.mapSize 6
DEBUG:root:calculation: 9
DEBUG:root:found object in front
DEBUG:root:Translation: 15
DEBUG:root:Translation: 16
DEBUG:root:Translation: 16
DEBUG:root:x: 1
DEBUG:root:self.gridRobot1DPosition 16
DEBUG:root:self.mapSize 6
DEBUG:root:calculation: 10
DEBUG:root:Translation: 16
DEBUG:root:Translation: 10
DEBUG:root:Translation: 10
DEBUG:root:x: 1
DEBUG:root:self.gridRobot1DPosition 10
DEBUG:root:self.mapSize 6
DEBUG:root:calculation: 4
DEBUG:root:Translation: 10
DEBUG:root:Translation: 4
DEBUG:root:Translation: 4
DEBUG:root:x: 1
DEBUG:root:self.gridRobot1DPosition 4
DEBUG:root:self.mapSize 6
DEBUG:root:calculation: -2
DEBUG:root:Translation: 4
DEBUG:root:Translation: 10
DEBUG:root:Translation: 10
DEBUG:root:x: 1
DEBUG:root:self.gridRobot1DPosition 10
DEBUG:root:self.mapSize 6
DEBUG:root:calculation: 4
DEBUG:root:Translation: 10
DEBUG:root:Translation: 16
DEBUG:root:Translation: 16
DEBUG:root:x: 1
DEBUG:root:self.gridRobot1DPosition 16
DEBUG:root:self.mapSize 6
DEBUG:root:calculation: 10
DEBUG:root:Translation: 16
DEBUG:root:Translation: 22
DEBUG:root:Translation: 22
DEBUG:root:x: 1
DEBUG:root:self.gridRobot1DPosition 22
DEBUG:root:self.mapSize 6
DEBUG:root:calculation: 16
DEBUG:root:Translation: 22
DEBUG:root:Translation: 28
DEBUG:root:Translation: 28
DEBUG:root:x: 1
DEBUG:root:self.gridRobot1DPosition 28
DEBUG:root:self.mapSize 6
DEBUG:root:calculation: 22
DEBUG:root:Translation: 28
DEBUG:root:Translation: 29
DEBUG:root:Translation: 29
DEBUG:root:x: 1
DEBUG:root:self.gridRobot1DPosition 29
DEBUG:root:self.mapSize 6
DEBUG:root:calculation: 23
DEBUG:root:Translation: 29
DEBUG:root:Translation: 28
DEBUG:root:Translation: 28
DEBUG:root:x: 1
DEBUG:root:self.gridRobot1DPosition 28
DEBUG:root:self.mapSize 6
DEBUG:root:calculation: 22
DEBUG:root:Translation: 28
DEBUG:root:Translation: 27
DEBUG:root:Translation: 27
DEBUG:root:x: 1
DEBUG:root:self.gridRobot1DPosition 27
DEBUG:root:self.mapSize 6
DEBUG:root:calculation: 21
DEBUG:root:Translation: 27
DEBUG:root:Translation: 26
DEBUG:root:Translation: 26
DEBUG:root:x: 1
DEBUG:root:self.gridRobot1DPosition 26
DEBUG:root:self.mapSize 6
DEBUG:root:calculation: 20
